[03:05:11] [Render thread/INFO] [JMLogger] JourneyMap log initialized.
[03:05:11] [Render thread/INFO] [JourneymapClient] initialize ENTER
[03:05:11] [Render thread/INFO] [ClientAPI] [ClientAPI] built with JourneyMap API 2.0.0-SNAPSHOT
[03:05:11] [Render thread/INFO] [PluginHelper] Initializing plugins with Client API: journeymap.api.client.impl.ClientAPI
[03:05:11] [Render thread/INFO] [PluginHelper] Initialized IClientPlugin: journeymap.api.plugins.LoadedChunkOverlayPlugin
[03:05:12] [Render thread/INFO] [?] Version: JourneyMap 1.21.4-6.0.0-beta.47, built with fabric 0.110.5+1.21.4
fabric: 0.16.9
Environment: os.name, os.arch, java.version, user.country, user.language=null, game language=ko_kr, locale=ko_kr
Features: 
	RadarPlayers : singleplayer = true , multiplayer = true
	RadarAnimals : singleplayer = true , multiplayer = true
	RadarMobs : singleplayer = true , multiplayer = true
	RadarVillagers : singleplayer = true , multiplayer = true
	MapTopo : singleplayer = true , multiplayer = true
	MapSurface : singleplayer = true , multiplayer = true
	MapCaves : singleplayer = true , multiplayer = true
	MapBiome : singleplayer = true , multiplayer = true
MiniMapProperties{state=Valid, file=journeymap.minimap.config, configVersion=6.0.0-beta.47, infoSlotTimeFormat=HH:mm:ss, zoomLevel=512, compassFontScale=1.0, infoSlotFontScale=2.0, terrainAlpha=100, showEntityNames=false, showPassiveNames=false, positionX=0.9, positionY=0.25, effectVertical=false, showPlayerHeading=true, sizePercent=30, playerDisplayScale=1.0, showDayNight=true, showPets=true, showPlayerNames=true, preferredMapType=day, showCompass=true, showNpcNames=false, mobDisplay=jm.common.entity_display.dots_and_outlined_icons, showHostileNames=false, systemTimeRealFormat=HH:mm:ss, shape=jm.minimap.shape_circle, showSelf=true, showVillagerNames=false, selfDisplayScale=1.0, showGrid=true, reticleOrientation=jm.minimap.orientation.compass, minimapLockedMapType=jm.common.map_type.auto, effectTranslateX=0, info3LabelPosition=jm.minimap.info_slot.bottom, showWaypoints=true, info2LabelPosition=jm.minimap.info_slot.top, minimapKeyMovementSpeed=0.001, info1LabelPosition=jm.minimap.info_slot.top, showAnimals=true, infoSlotAlpha=0.7, effectTranslateY=0, showWaypointLabels=true, showAmbientNames=false, moveEffectIcons=true, showTeamNames=true, position=jm.minimap.position_topright, fontScale=1.0, info4LabelPosition=jm.minimap.info_slot.bottom, showPlayers=true, waypointIconScale=1.0, frameAlpha=100, effectReversed=false, backgroundAlpha=0.8, enabled=true, showVillagers=true, info2Label=jm.theme.labelsource.gametime, info3Label=jm.theme.labelsource.location, caveLayer=4, showMobs=true, waypointLabelScale=1.0, showReticle=true, orientation=jm.minimap.orientation.north, info4Label=jm.theme.labelsource.biome, locationFormat=xzyv, playerDisplay=jm.common.entity_display.outlined_icons, mobDisplayScale=1.0, showOffScreenPlayers=true, showCaves=true, hideEffectIcons=false, showMobHeading=true, locationFormatVerbose=true, showAmbientCreatures=false, showPetNames=false, info1Label=jm.theme.labelsource.blank, showNoIconNames=true}
MiniMapProperties{state=Valid, file=journeymap.minimap2.config, configVersion=6.0.0-beta.47, infoSlotTimeFormat=HH:mm:ss, zoomLevel=512, compassFontScale=1.0, infoSlotFontScale=1.0, terrainAlpha=100, showEntityNames=false, showPassiveNames=false, positionX=0.9, positionY=0.25, effectVertical=false, showPlayerHeading=true, sizePercent=30, playerDisplayScale=1.0, showDayNight=true, showPets=true, showPlayerNames=true, preferredMapType=day, showCompass=true, showNpcNames=false, mobDisplay=jm.common.entity_display.dots_and_outlined_icons, showHostileNames=false, systemTimeRealFormat=HH:mm:ss, shape=jm.minimap.shape_rectangle, showSelf=true, showVillagerNames=false, selfDisplayScale=1.0, showGrid=true, reticleOrientation=jm.minimap.orientation.compass, minimapLockedMapType=jm.common.map_type.auto, effectTranslateX=0, info3LabelPosition=jm.minimap.info_slot.bottom, showWaypoints=true, info2LabelPosition=jm.minimap.info_slot.top, minimapKeyMovementSpeed=0.001, info1LabelPosition=jm.minimap.info_slot.top, showAnimals=true, infoSlotAlpha=0.7, effectTranslateY=0, showWaypointLabels=true, showAmbientNames=false, moveEffectIcons=true, showTeamNames=true, position=jm.minimap.position_topright, fontScale=1.0, info4LabelPosition=jm.minimap.info_slot.bottom, showPlayers=true, waypointIconScale=1.0, frameAlpha=100, effectReversed=false, backgroundAlpha=0.8, enabled=true, showVillagers=true, info2Label=jm.theme.labelsource.gametime, info3Label=jm.theme.labelsource.location, caveLayer=4, showMobs=true, waypointLabelScale=1.0, showReticle=true, orientation=jm.minimap.orientation.north, info4Label=jm.theme.labelsource.biome, locationFormat=xzyv, playerDisplay=jm.common.entity_display.outlined_icons, mobDisplayScale=1.0, showOffScreenPlayers=true, showCaves=true, hideEffectIcons=false, showMobHeading=true, locationFormatVerbose=true, showAmbientCreatures=false, showPetNames=false, info1Label=jm.theme.labelsource.blank, showNoIconNames=true}
FullMapProperties{state=Valid, file=journeymap.fullmap.config, configVersion=6.0.0-beta.47, zoomLevel=512, minimalMode=false, showPlayers=true, waypointIconScale=1.0, showEntityNames=false, showPassiveNames=false, showPlayerHeading=true, showVillagers=true, showPlayerLoc=true, showKeys=true, playerDisplayScale=1.0, showMobs=true, showPets=true, waypointLabelScale=1.0, showPlayerNames=true, preferredMapType=day, showNpcNames=false, mobDisplay=jm.common.entity_display.dots_and_outlined_icons, showHostileNames=false, showSelf=true, locationFormat=xzyv, playerDisplay=jm.common.entity_display.outlined_icons, showVillagerNames=false, mobDisplayScale=1.0, selfDisplayScale=1.0, showOffScreenPlayers=true, showGrid=true, showMouseLoc=true, showWaypoints=true, showCaves=true, showThemeButton=true, showAnimals=true, showMobHeading=true, showWaypointLabels=true, locationFormatVerbose=true, showAmbientNames=false, showAmbientCreatures=false, showTeamNames=true, showPetNames=false, fontScale=2.0, showNoIconNames=true}
WaypointProperties{state=Valid, file=journeymap.waypoint.config, configVersion=6.0.0-beta.47, autoRemoveDeathpointDistance=5, showPlayers=true, dateFormat=yyyy-MM-dd, autoHideIconAngle=5, autoRemoveDeathpoints=false, autoHideIcon=false, autoHideLabelAngle=5, renderWaypointsWorld=true, showDeleteConfirmation=true, managerDimensionFocus=false, fullscreenDoubleClickToCreate=true, minDistance=4, coordinatesFormat=XZY, boldLabel=false, disableShare=false, showDeathpointlabel=true, textureSmall=true, useActionsButton=false, beaconEnabled=true, createDeathpoints=false, disableStrikeThrough=false, renderWaypointsMap=true, showName=true, maxDistance=0, autoHideLabel=true, autoRemoveTempWaypoints=2, teleportCommand=/execute in {dim} run tp {name} {x} {y} {z}, showStaticBeam=true, renderWaypoints=true, wholeNumberTeleportCoords=false, timeFormat=HH:mm:ss, shaderBeacon=false, showDistance=true, showRotatingBeam=true, fontScale=2.0, managerEnabled=true}
WebMapProperties{state=Valid, file=journeymap.webmap.config, configVersion=6.0.0-beta.47, port=8080, enabled=false}
CoreProperties{state=Valid, file=journeymap.core.config, configVersion=6.0.0-beta.47, maxPlayersData=32, mapSurfaceAboveCaves=true, dataCachingEnabled=true, maxAmbientCreaturesData=32, optionsManagerViewed=6.0.0-beta.47, announceMod=false, ignoreSnow=false, colorPassive=#bbbbbb, colorPassiveLabel=#bbbbbb, mapShadows=true, mapBlendWater=true, playerIconFade=true, renderDistanceSurfaceMax=0, seedId=false, colorPetLabel=#0077ff, radarVerticalDistance=16, mapBlendGrass=true, recordCacheStats=false, hideSneakingEntities=true, initialSortOrder=Name, colorPlayerLabel=#ffffff, revealShape=jm.minimap.shape_circle, mapBiome=true, caveShader=jm.common.map_filter.default, mipmapLevels=5, colorVillagerLabel=#88e188, alwaysMapSurface=false, biomeShader=jm.common.map_filter.default, colorVillager=#88e188, mapPlants=false, colorPet=#0077ff, sortDescending=true, radarLateralDistance=64, mapBathymetry=false, mapCrops=true, maxMobsData=32, dayShader=jm.common.map_filter.default, mapPlantShadows=false, alwaysMapCaves=false, checkUpdates=false, colorHostileLabel=#ff0000, mapBlendFoliage=true, topoMax=0, hideSpectators=false, mappingEnabled=true, colorPlayer=#ffffff, cacheVillagersData=2200, logLevel=INFO, maxVillagersData=32, mapWaterBiomeColors=true, maxAnimalsData=32, mapTransparency=true, caveBlackAsClear=false, caveModeThreshold=2, legacyIcons=false, netherShader=jm.common.map_filter.default, caveIgnoreGlass=true, mapTopography=true, renderDistanceCaveMax=0, mapAntialiasing=true, colorSelf=#0000ff, cachePlayersData=2000, mapOnlyPlayerChunk=false, nightShader=jm.common.map_filter.default, cacheMobsData=3000, cachePlayerData=1000, splashViewed=6.0.0-beta.47, colorHostile=#ff0000, topoShader=jm.common.map_filter.default, allowMiniMapBehindScreens=true, cacheAnimalsData=3100, ignoreHeightmaps=false, themeName=Purist, mapCaveLighting=true, renderDelay=2, mobIconFade=true, serverIp=false, glErrorChecking=false, autoMapPoll=2000}
[03:05:12] [Render thread/INFO] [JourneymapClient] initialize EXIT, elapsed count 1 avg 615.8ms
[03:05:12] [Render thread/INFO] [ThemeLoader] Preloaded theme textures: 73
[03:05:12] [Render thread/INFO] [VersionCheck] Update check disabled in properties file.
[03:05:12] [Render thread/INFO] [JourneymapClient] postInitialize EXIT, elapsed count 1 avg 765.43ms
[03:05:15] [Render thread/INFO] [ColorPalette] Color palette file generated for 0 blockstates in 0ms for: Default Palette
[03:05:24] [Render thread/INFO] [WaypointHandler] Resetting Waypoints and Groups.
[03:05:24] [Render thread/INFO] [WaypointStore] Loaded 0 waypoints from disk.
[03:05:24] [Render thread/INFO] [WaypointGroupStore] Loaded 4 waypoint groups from disk.
[03:05:24] [Render thread/INFO] [LegacyWaypointFileMigrator] 0 Legacy waypoints found that need to be migrated and backed up.
[03:05:24] [Render thread/INFO] [ColorPalette] Color palette file generated for 0 blockstates in 1ms for: D:\CFminecrafrt\Instances\SomsatangOnline\journeymap\colorpalette.json
[03:05:24] [Render thread/INFO] [ColorPalette] Color palette file generated for 0 blockstates in 1ms for: D:\CFminecrafrt\Instances\SomsatangOnline\journeymap\data\sp\새로운 세계\colorpalette.json
[03:05:24] [Render thread/INFO] [JourneymapClient] Mapping started in D:\CFminecrafrt\Instances\SomsatangOnline\journeymap\data\sp\새로운 세계\overworld. Memory: 890MB total, 213MB free 
[03:05:24] [Render thread/INFO] [InternalStateHandler] Connection initiated with Journeymap Server: true
[03:05:24] [Render thread/INFO] [InternalStateHandler] Teleport Enabled: true
[03:05:24] [Render thread/INFO] [InternalStateHandler] Expanded Radar Enabled: true
[03:05:24] [Render thread/INFO] [InternalStateHandler] Server Admin Enabled: true
[03:05:24] [Render thread/INFO] [InternalStateHandler] Server set show in-game beacons: true
[03:05:24] [Render thread/INFO] [InternalStateHandler] Server set waypoints allowed: true
[03:05:24] [Render thread/INFO] [InternalStateHandler] Server set Server Admin read only mode: true
[03:05:24] [Render thread/INFO] [InternalStateHandler] Server set maxSurfaceRenderDistance to: 0
[03:05:24] [Render thread/INFO] [InternalStateHandler] Server setmaxCaveRenderDistance to: 0
[03:05:24] [Render thread/INFO] [InternalStateHandler] Server set allow mutliplayer options: true
[03:05:24] [Render thread/INFO] [InternalStateHandler] Server set allow rightClickTeleport options: true
[03:05:24] [Render thread/INFO] [InternalStateHandler] Server set allow radarLateralDistance options: 512
[03:05:24] [Render thread/INFO] [InternalStateHandler] Server set allow radarVerticalDistance options: 320
[03:05:24] [Render thread/INFO] [InternalStateHandler] Server set allow maxAnimalsData options: 128
[03:05:24] [Render thread/INFO] [InternalStateHandler] Server set allow maxAmbientCreaturesData options: 128
[03:05:24] [Render thread/INFO] [InternalStateHandler] Server set allow maxMobsData options: 128
[03:05:24] [Render thread/INFO] [InternalStateHandler] Server set allow maxPlayersData options: 128
[03:05:24] [Render thread/INFO] [InternalStateHandler] Server set allow maxVillagersData options: 128
[03:05:24] [Render thread/INFO] [InternalStateHandler] Server set allow playerRadarNamesEnabled options: true
[03:05:24] [Render thread/INFO] [InternalStateHandler] Server set allow minimapEnabled options: true
[03:05:24] [Render thread/INFO] [InternalStateHandler] Server set allow hideCoordinates options: false
[03:07:16] [Netty Local Client IO #0/INFO] [TextureCache] [JourneyMap]: Purging Theme Images
[03:07:16] [Netty Local Client IO #0/INFO] [TextureCache] [JourneyMap]: Purging Region Images
[03:07:16] [Render thread/INFO] [JourneymapClient] Mapping halted in D:\CFminecrafrt\Instances\SomsatangOnline\journeymap\data\mp\offline\minecraft:overworld
[03:07:16] [Netty Local Client IO #0/INFO] [TextureCache] [JourneyMap]: Purging Mob Icon Images
[03:07:16] [Netty Local Client IO #0/INFO] [WaypointHandler] Resetting Waypoints and Groups.
[03:07:16] [Netty Local Client IO #0/INFO] [WaypointStore] Loaded 0 waypoints from disk.
[03:07:16] [Netty Local Client IO #0/INFO] [WaypointGroupStore] Loaded 4 waypoint groups from disk.
